WARNING:torch.distributed.run:
*****************************************
Setting OMP_NUM_THREADS environment variable for each process to be 1 in default, to avoid your system being overloaded, please further tune the variable for optimal performance in your application as needed. 
*****************************************
World size: 8
Namespace(path='./', max_epochs=None, batch_size=64, lr=0.001, seed=0, num_workers=10, cycles=1, model='sessions_1,2,4,5,6,8,9,11_epoch_9_train_acc_0.9978647828102112.model', eval=True, train_sessions=None, val_sessions=[1, 2, 3, 4, 5, 6, 7, 8, 9, 10, 11], ip=None, stdin=None, control=None, hb=None, shell=None, transport=None, iopub=None, f=None, **{'Session.signature_scheme': None, 'Session.key': None})
[[[0.9873242974281311 0.9770544171333313 0.8260405659675598
   0.9847999811172485 0.9839658141136169 0.9888607263565063
   0.5938000082969666 0.9828483462333679 0.987333357334137
   0.9859925508499146 0.9934631586074829]]]
WARNING:torch.distributed.run:
*****************************************
Setting OMP_NUM_THREADS environment variable for each process to be 1 in default, to avoid your system being overloaded, please further tune the variable for optimal performance in your application as needed. 
*****************************************
World size: 8
Namespace(path='./', max_epochs=None, batch_size=64, lr=0.001, seed=0, num_workers=10, cycles=1, model='sessions_1,2,4,5,6,8,9,11_epoch_9_train_acc_0.9978647828102112.model', eval=True, train_sessions=None, val_sessions=[1, 2, 3, 4, 5, 6, 7, 8, 9, 10, 11], ip=None, stdin=None, control=None, hb=None, shell=None, transport=None, iopub=None, f=None, **{'Session.signature_scheme': None, 'Session.key': None})
[[[0.9941291809082031 0.9818570017814636 0.8418489694595337
   0.9840666651725769 0.9775521159172058 0.9729188680648804
   0.725266695022583 0.9781099557876587 0.9783333539962769
   0.9811232686042786 0.9872598648071289]]]
WARNING:torch.distributed.run:
*****************************************
Setting OMP_NUM_THREADS environment variable for each process to be 1 in default, to avoid your system being overloaded, please further tune the variable for optimal performance in your application as needed. 
*****************************************
World size: 8
Namespace(path='./', max_epochs=None, batch_size=64, lr=0.001, seed=0, num_workers=10, cycles=1, model='sessions_3,7,10_epoch_9_train_acc_1.0.model', eval=True, train_sessions=None, val_sessions=[1, 2, 3, 4, 5, 6, 7, 8, 9, 10, 11], ip=None, stdin=None, control=None, hb=None, shell=None, transport=None, iopub=None, f=None, **{'Session.signature_scheme': None, 'Session.key': None})
[[[0.8918564319610596 0.8154348731040955 1.0 0.6312000155448914
   0.7622261047363281 0.5092049241065979 1.0 0.8531767129898071
   0.7050666809082031 1.0 0.8440501689910889]]]
WARNING:torch.distributed.run:
*****************************************
Setting OMP_NUM_THREADS environment variable for each process to be 1 in default, to avoid your system being overloaded, please further tune the variable for optimal performance in your application as needed. 
*****************************************
World size: 8
Namespace(path='./', max_epochs=None, batch_size=64, lr=0.001, seed=0, num_workers=10, cycles=1, model='sessions_3,7,10_epoch_9_train_acc_1.0.model', eval=True, train_sessions=None, val_sessions=[1, 2, 3, 4, 5, 6, 7, 8, 9, 10, 11], ip=None, stdin=None, control=None, hb=None, shell=None, transport=None, iopub=None, f=None, **{'Session.signature_scheme': None, 'Session.key': None})
[[[0.8843622207641602 0.8232390880584717 0.9986659288406372
   0.7672666907310486 0.8147380948066711 0.7286552786827087
   0.9977999925613403 0.8724639415740967 0.7964666485786438
   0.9932630658149719 0.7978922128677368]]]
WARNING:torch.distributed.run:
*****************************************
Setting OMP_NUM_THREADS environment variable for each process to be 1 in default, to avoid your system being overloaded, please further tune the variable for optimal performance in your application as needed. 
*****************************************
World size: 8
Namespace(path='./', max_epochs=None, batch_size=64, lr=0.001, seed=0, num_workers=10, cycles=1, model='sessions_1,2,3,5,6,7,8,9_epoch_9_train_acc_0.9954829216003418.model', eval=True, train_sessions=None, val_sessions=[1, 2, 3, 4, 5, 6, 7, 8, 9, 10, 11], ip=None, stdin=None, control=None, hb=None, shell=None, transport=None, iopub=None, f=None, **{'Session.signature_scheme': None, 'Session.key': None})
[[[0.983321487903595 0.9899279475212097 0.9876601099967957
   0.7498666644096375 0.9931186437606812 0.9858590960502625
   0.9872666597366333 0.9857848286628723 0.9817333221435547
   0.9782550930976868 0.9879269003868103]]]
WARNING:torch.distributed.run:
*****************************************
Setting OMP_NUM_THREADS environment variable for each process to be 1 in default, to avoid your system being overloaded, please further tune the variable for optimal performance in your application as needed. 
*****************************************
World size: 8
Namespace(path='./', max_epochs=None, batch_size=64, lr=0.001, seed=0, num_workers=10, cycles=1, model='sessions_1,2,3,5,6,7,8,9_epoch_9_train_acc_0.9954829216003418.model', eval=True, train_sessions=None, val_sessions=[1, 2, 3, 4, 5, 6, 7, 8, 9, 10, 11], ip=None, stdin=None, control=None, hb=None, shell=None, transport=None, iopub=None, f=None, **{'Session.signature_scheme': None, 'Session.key': None})
[[[0.9821873307228088 0.9901280403137207 0.9804562330245972
   0.8118666410446167 0.982295572757721 0.9539087414741516
   0.9692000150680542 0.9796449542045593 0.975933313369751
   0.9426360726356506 0.9701840877532959]]]
WARNING:torch.distributed.run:
*****************************************
Setting OMP_NUM_THREADS environment variable for each process to be 1 in default, to avoid your system being overloaded, please further tune the variable for optimal performance in your application as needed. 
*****************************************
World size: 8
Namespace(path='./', max_epochs=None, batch_size=64, lr=0.001, seed=0, num_workers=10, cycles=1, model='sessions_4,10,11_epoch_9_train_acc_1.0.model', eval=True, train_sessions=None, val_sessions=[1, 2, 3, 4, 5, 6, 7, 8, 9, 10, 11], ip=None, stdin=None, control=None, hb=None, shell=None, transport=None, iopub=None, f=None, **{'Session.signature_scheme': None, 'Session.key': None})
[[[0.904265284538269 0.7122465372085571 0.7093783617019653 1.0
   0.6507883667945862 0.3988127112388611 0.5727333426475525
   0.7558062076568604 0.546999990940094 1.0 1.0]]]
WARNING:torch.distributed.run:
*****************************************
Setting OMP_NUM_THREADS environment variable for each process to be 1 in default, to avoid your system being overloaded, please further tune the variable for optimal performance in your application as needed. 
*****************************************
World size: 8
Namespace(path='./', max_epochs=None, batch_size=64, lr=0.001, seed=0, num_workers=10, cycles=1, model='sessions_4,10,11_epoch_9_train_acc_1.0.model', eval=True, train_sessions=None, val_sessions=[1, 2, 3, 4, 5, 6, 7, 8, 9, 10, 11], ip=None, stdin=None, control=None, hb=None, shell=None, transport=None, iopub=None, f=None, **{'Session.signature_scheme': None, 'Session.key': None})
[[[0.9244351387023926 0.7479322552680969 0.7071771621704102
   0.9992666840553284 0.7195349931716919 0.6982390880584717
   0.5641999840736389 0.7873731851577759 0.6799333095550537
   0.9997332096099854 0.9992662668228149]]]
WARNING:torch.distributed.run:
*****************************************
Setting OMP_NUM_THREADS environment variable for each process to be 1 in default, to avoid your system being overloaded, please further tune the variable for optimal performance in your application as needed. 
*****************************************
World size: 8
Namespace(path='./', max_epochs=None, batch_size=64, lr=0.001, seed=0, num_workers=10, cycles=1, model='sessions_1_epoch_9_train_acc_1.0.model', eval=True, train_sessions=None, val_sessions=[1, 2, 3, 4, 5, 6, 7, 8, 9, 10, 11], ip=None, stdin=None, control=None, hb=None, shell=None, transport=None, iopub=None, f=None, **{'Session.signature_scheme': None, 'Session.key': None})
[[[1.0 0.7880202531814575 0.8034284710884094 0.747866690158844
   0.6826563477516174 0.545624315738678 0.5570666790008545
   0.822677493095398 0.8152666687965393 1.0 1.0]]]
WARNING:torch.distributed.run:
*****************************************
Setting OMP_NUM_THREADS environment variable for each process to be 1 in default, to avoid your system being overloaded, please further tune the variable for optimal performance in your application as needed. 
*****************************************
World size: 8
Namespace(path='./', max_epochs=None, batch_size=64, lr=0.001, seed=0, num_workers=10, cycles=1, model='sessions_1_epoch_9_train_acc_1.0.model', eval=True, train_sessions=None, val_sessions=[1, 2, 3, 4, 5, 6, 7, 8, 9, 10, 11], ip=None, stdin=None, control=None, hb=None, shell=None, transport=None, iopub=None, f=None, **{'Session.signature_scheme': None, 'Session.key': None})
[[[1.0 0.8199039697647095 0.796358048915863 0.8552666902542114
   0.7761223912239075 0.7309231758117676 0.6165333390235901
   0.8606513738632202 0.812666654586792 0.9993329644203186
   0.999599814414978]]]
WARNING:torch.distributed.run:
*****************************************
Setting OMP_NUM_THREADS environment variable for each process to be 1 in default, to avoid your system being overloaded, please further tune the variable for optimal performance in your application as needed. 
*****************************************
World size: 8
Namespace(path='./', max_epochs=None, batch_size=64, lr=0.001, seed=0, num_workers=10, cycles=1, model='sessions_2_epoch_9_train_acc_1.0.model', eval=True, train_sessions=None, val_sessions=[1, 2, 3, 4, 5, 6, 7, 8, 9, 10, 11], ip=None, stdin=None, control=None, hb=None, shell=None, transport=None, iopub=None, f=None, **{'Session.signature_scheme': None, 'Session.key': None})
[[[0.51445472240448 1.0 0.6480122804641724 0.4925999939441681
   0.5504409670829773 0.26514139771461487 0.4801333248615265
   0.6447544097900391 0.5836666822433472 0.33704641461372375
   0.5296158194541931]]]
WARNING:torch.distributed.run:
*****************************************
Setting OMP_NUM_THREADS environment variable for each process to be 1 in default, to avoid your system being overloaded, please further tune the variable for optimal performance in your application as needed. 
*****************************************
World size: 8
Namespace(path='./', max_epochs=None, batch_size=64, lr=0.001, seed=0, num_workers=10, cycles=1, model='sessions_2_epoch_9_train_acc_1.0.model', eval=True, train_sessions=None, val_sessions=[1, 2, 3, 4, 5, 6, 7, 8, 9, 10, 11], ip=None, stdin=None, control=None, hb=None, shell=None, transport=None, iopub=None, f=None, **{'Session.signature_scheme': None, 'Session.key': None})
[[[0.5964018702507019 1.0 0.6860992312431335 0.5711333155632019
   0.6394975781440735 0.5249466300010681 0.5485333204269409
   0.6845968961715698 0.6719333529472351 0.5572972297668457
   0.6022545099258423]]]
WARNING:torch.distributed.run:
*****************************************
Setting OMP_NUM_THREADS environment variable for each process to be 1 in default, to avoid your system being overloaded, please further tune the variable for optimal performance in your application as needed. 
*****************************************
World size: 8
Namespace(path='./', max_epochs=None, batch_size=64, lr=0.001, seed=0, num_workers=10, cycles=1, model='sessions_3_epoch_9_train_acc_1.0.model', eval=True, train_sessions=None, val_sessions=[1, 2, 3, 4, 5, 6, 7, 8, 9, 10, 11], ip=None, stdin=None, control=None, hb=None, shell=None, transport=None, iopub=None, f=None, **{'Session.signature_scheme': None, 'Session.key': None})
[[[0.3783801794052124 0.6161953210830688 1.0 0.25060001015663147
   0.5291287899017334 0.3183698058128357 0.48186665773391724
   0.6389482021331787 0.5454666614532471 0.10585645586252213
   0.3532550632953644]]]
WARNING:torch.distributed.run:
*****************************************
Setting OMP_NUM_THREADS environment variable for each process to be 1 in default, to avoid your system being overloaded, please further tune the variable for optimal performance in your application as needed. 
*****************************************
World size: 8
Namespace(path='./', max_epochs=None, batch_size=64, lr=0.001, seed=0, num_workers=10, cycles=1, model='sessions_3_epoch_9_train_acc_1.0.model', eval=True, train_sessions=None, val_sessions=[1, 2, 3, 4, 5, 6, 7, 8, 9, 10, 11], ip=None, stdin=None, control=None, hb=None, shell=None, transport=None, iopub=None, f=None, **{'Session.signature_scheme': None, 'Session.key': None})
[[[0.569516122341156 0.7108457684516907 1.0 0.5264000296592712
   0.6523249745368958 0.5483590960502625 0.585266649723053
   0.7311131954193115 0.6877999901771545 0.4523746073246002
   0.5903815627098083]]]
WARNING:torch.distributed.run:
*****************************************
Setting OMP_NUM_THREADS environment variable for each process to be 1 in default, to avoid your system being overloaded, please further tune the variable for optimal performance in your application as needed. 
*****************************************
World size: 8
Namespace(path='./', max_epochs=None, batch_size=64, lr=0.001, seed=0, num_workers=10, cycles=1, model='sessions_4_epoch_9_train_acc_1.0.model', eval=True, train_sessions=None, val_sessions=[1, 2, 3, 4, 5, 6, 7, 8, 9, 10, 11], ip=None, stdin=None, control=None, hb=None, shell=None, transport=None, iopub=None, f=None, **{'Session.signature_scheme': None, 'Session.key': None})
[[[0.5489459037780762 0.36572837829589844 0.41782283782958984 1.0
   0.40018707513809204 0.35498932003974915 0.400133341550827
   0.43199414014816284 0.16626666486263275 0.5529615879058838
   0.6156616806983948]]]
WARNING:torch.distributed.run:
*****************************************
Setting OMP_NUM_THREADS environment variable for each process to be 1 in default, to avoid your system being overloaded, please further tune the variable for optimal performance in your application as needed. 
*****************************************
World size: 8
Namespace(path='./', max_epochs=None, batch_size=64, lr=0.001, seed=0, num_workers=10, cycles=1, model='sessions_4_epoch_9_train_acc_1.0.model', eval=True, train_sessions=None, val_sessions=[1, 2, 3, 4, 5, 6, 7, 8, 9, 10, 11], ip=None, stdin=None, control=None, hb=None, shell=None, transport=None, iopub=None, f=None, **{'Session.signature_scheme': None, 'Session.key': None})
[[[0.6263565421104431 0.5975186824798584 0.5522945523262024 1.0
   0.5830438137054443 0.6260672211647034 0.5023999810218811
   0.6019754409790039 0.49166667461395264 0.6582844257354736
   0.6877667903900146]]]
WARNING:torch.distributed.run:
*****************************************
Setting OMP_NUM_THREADS environment variable for each process to be 1 in default, to avoid your system being overloaded, please further tune the variable for optimal performance in your application as needed. 
*****************************************
World size: 8
Namespace(path='./', max_epochs=None, batch_size=64, lr=0.001, seed=0, num_workers=10, cycles=1, model='sessions_5_epoch_9_train_acc_1.0.model', eval=True, train_sessions=None, val_sessions=[1, 2, 3, 4, 5, 6, 7, 8, 9, 10, 11], ip=None, stdin=None, control=None, hb=None, shell=None, transport=None, iopub=None, f=None, **{'Session.signature_scheme': None, 'Session.key': None})
[[[0.39812755584716797 0.4721851646900177 0.45550960302352905
   0.24513334035873413 1.0 0.4582443833351135 0.45746666193008423
   0.4435397684574127 0.4798666536808014 0.3334445059299469
   0.32950907945632935]]]
WARNING:torch.distributed.run:
*****************************************
Setting OMP_NUM_THREADS environment variable for each process to be 1 in default, to avoid your system being overloaded, please further tune the variable for optimal performance in your application as needed. 
*****************************************
World size: 8
Namespace(path='./', max_epochs=None, batch_size=64, lr=0.001, seed=0, num_workers=10, cycles=1, model='sessions_5_epoch_9_train_acc_1.0.model', eval=True, train_sessions=None, val_sessions=[1, 2, 3, 4, 5, 6, 7, 8, 9, 10, 11], ip=None, stdin=None, control=None, hb=None, shell=None, transport=None, iopub=None, f=None, **{'Session.signature_scheme': None, 'Session.key': None})
[[[0.5182352066040039 0.6106590032577515 0.6035885810852051
   0.5360666513442993 1.0 0.6196638345718384 0.5298666954040527
   0.6175920963287354 0.6036666631698608 0.5187433362007141
   0.5144076943397522]]]
WARNING:torch.distributed.run:
*****************************************
Setting OMP_NUM_THREADS environment variable for each process to be 1 in default, to avoid your system being overloaded, please further tune the variable for optimal performance in your application as needed. 
*****************************************
World size: 8
Namespace(path='./', max_epochs=None, batch_size=64, lr=0.001, seed=0, num_workers=10, cycles=1, model='sessions_6_epoch_9_train_acc_1.0.model', eval=True, train_sessions=None, val_sessions=[1, 2, 3, 4, 5, 6, 7, 8, 9, 10, 11], ip=None, stdin=None, control=None, hb=None, shell=None, transport=None, iopub=None, f=None, **{'Session.signature_scheme': None, 'Session.key': None})
[[[0.3447117805480957 0.3229055404663086 0.3262406587600708
   0.3381333351135254 0.583511471748352 1.0 0.2991333305835724
   0.2510010600090027 0.312333345413208 0.17642742395401
   0.40875133872032166]]]
WARNING:torch.distributed.run:
*****************************************
Setting OMP_NUM_THREADS environment variable for each process to be 1 in default, to avoid your system being overloaded, please further tune the variable for optimal performance in your application as needed. 
*****************************************
World size: 8
Namespace(path='./', max_epochs=None, batch_size=64, lr=0.001, seed=0, num_workers=10, cycles=1, model='sessions_6_epoch_9_train_acc_1.0.model', eval=True, train_sessions=None, val_sessions=[1, 2, 3, 4, 5, 6, 7, 8, 9, 10, 11], ip=None, stdin=None, control=None, hb=None, shell=None, transport=None, iopub=None, f=None, **{'Session.signature_scheme': None, 'Session.key': None})
[[[0.5582191944122314 0.5601654052734375 0.5657684206962585
   0.6764666438102722 0.6815205812454224 1.0 0.517133355140686
   0.5844901204109192 0.5282666683197021 0.5366862416267395
   0.5938500761985779]]]
WARNING:torch.distributed.run:
*****************************************
Setting OMP_NUM_THREADS environment variable for each process to be 1 in default, to avoid your system being overloaded, please further tune the variable for optimal performance in your application as needed. 
*****************************************
World size: 8
Namespace(path='./', max_epochs=None, batch_size=64, lr=0.001, seed=0, num_workers=10, cycles=1, model='sessions_7_epoch_9_train_acc_1.0.model', eval=True, train_sessions=None, val_sessions=[1, 2, 3, 4, 5, 6, 7, 8, 9, 10, 11], ip=None, stdin=None, control=None, hb=None, shell=None, transport=None, iopub=None, f=None, **{'Session.signature_scheme': None, 'Session.key': None})
[[[0.3367505669593811 0.578842043876648 0.6123932600021362
   0.2311333268880844 0.5615312457084656 0.35065367817878723
   0.9999333620071411 0.6859983801841736 0.492333322763443
   0.1642209142446518 0.23265741765499115]]]
WARNING:torch.distributed.run:
*****************************************
Setting OMP_NUM_THREADS environment variable for each process to be 1 in default, to avoid your system being overloaded, please further tune the variable for optimal performance in your application as needed. 
*****************************************
World size: 8
Namespace(path='./', max_epochs=None, batch_size=64, lr=0.001, seed=0, num_workers=10, cycles=1, model='sessions_7_epoch_9_train_acc_1.0.model', eval=True, train_sessions=None, val_sessions=[1, 2, 3, 4, 5, 6, 7, 8, 9, 10, 11], ip=None, stdin=None, control=None, hb=None, shell=None, transport=None, iopub=None, f=None, **{'Session.signature_scheme': None, 'Session.key': None})
[[[0.46266233921051025 0.647545337677002 0.6470117568969727
   0.5203333497047424 0.6710983514785767 0.5555629730224609 1.0
   0.704484760761261 0.5853999853134155 0.3822038471698761
   0.4983324408531189]]]
WARNING:torch.distributed.run:
*****************************************
Setting OMP_NUM_THREADS environment variable for each process to be 1 in default, to avoid your system being overloaded, please further tune the variable for optimal performance in your application as needed. 
*****************************************
World size: 8
Namespace(path='./', max_epochs=None, batch_size=64, lr=0.001, seed=0, num_workers=10, cycles=1, model='sessions_8_epoch_9_train_acc_1.0.model', eval=True, train_sessions=None, val_sessions=[1, 2, 3, 4, 5, 6, 7, 8, 9, 10, 11], ip=None, stdin=None, control=None, hb=None, shell=None, transport=None, iopub=None, f=None, **{'Session.signature_scheme': None, 'Session.key': None})
[[[0.3938133716583252 0.4931296706199646 0.6402748227119446
   0.2478666603565216 0.4908471405506134 0.2752801477909088
   0.4860000014305115 0.9999332427978516 0.533133327960968
   0.18709978461265564 0.29849252104759216]]]
WARNING:torch.distributed.run:
*****************************************
Setting OMP_NUM_THREADS environment variable for each process to be 1 in default, to avoid your system being overloaded, please further tune the variable for optimal performance in your application as needed. 
*****************************************
World size: 8
Namespace(path='./', max_epochs=None, batch_size=64, lr=0.001, seed=0, num_workers=10, cycles=1, model='sessions_8_epoch_9_train_acc_1.0.model', eval=True, train_sessions=None, val_sessions=[1, 2, 3, 4, 5, 6, 7, 8, 9, 10, 11], ip=None, stdin=None, control=None, hb=None, shell=None, transport=None, iopub=None, f=None, **{'Session.signature_scheme': None, 'Session.key': None})
[[[0.6370752453804016 0.6910352110862732 0.7462646961212158
   0.5842666625976562 0.6789150238037109 0.5796424746513367
   0.6287333369255066 0.9998665452003479 0.721666693687439
   0.4977988302707672 0.6652214527130127]]]
WARNING:torch.distributed.run:
*****************************************
Setting OMP_NUM_THREADS environment variable for each process to be 1 in default, to avoid your system being overloaded, please further tune the variable for optimal performance in your application as needed. 
*****************************************
World size: 8
Namespace(path='./', max_epochs=None, batch_size=64, lr=0.001, seed=0, num_workers=10, cycles=1, model='sessions_9_epoch_9_train_acc_1.0.model', eval=True, train_sessions=None, val_sessions=[1, 2, 3, 4, 5, 6, 7, 8, 9, 10, 11], ip=None, stdin=None, control=None, hb=None, shell=None, transport=None, iopub=None, f=None, **{'Session.signature_scheme': None, 'Session.key': None})
[[[0.4073563516139984 0.5938500761985779 0.6488794088363647
   0.10580000281333923 0.6086317300796509 0.4030149281024933
   0.4071333408355713 0.6635077595710754 1.0 0.2032417356967926
   0.35092049837112427]]]
WARNING:torch.distributed.run:
*****************************************
Setting OMP_NUM_THREADS environment variable for each process to be 1 in default, to avoid your system being overloaded, please further tune the variable for optimal performance in your application as needed. 
*****************************************
World size: 8
Namespace(path='./', max_epochs=None, batch_size=64, lr=0.001, seed=0, num_workers=10, cycles=1, model='sessions_9_epoch_9_train_acc_1.0.model', eval=True, train_sessions=None, val_sessions=[1, 2, 3, 4, 5, 6, 7, 8, 9, 10, 11], ip=None, stdin=None, control=None, hb=None, shell=None, transport=None, iopub=None, f=None, **{'Session.signature_scheme': None, 'Session.key': None})
[[[0.6011163592338562 0.726720929145813 0.7251867651939392
   0.5775333046913147 0.7547434568405151 0.5951840877532959
   0.5512666702270508 0.7630138993263245 1.0 0.4895944595336914
   0.6626200675964355]]]
WARNING:torch.distributed.run:
*****************************************
Setting OMP_NUM_THREADS environment variable for each process to be 1 in default, to avoid your system being overloaded, please further tune the variable for optimal performance in your application as needed. 
*****************************************
World size: 8
Namespace(path='./', max_epochs=None, batch_size=64, lr=0.001, seed=0, num_workers=10, cycles=1, model='sessions_10_epoch_9_train_acc_1.0.model', eval=True, train_sessions=None, val_sessions=[1, 2, 3, 4, 5, 6, 7, 8, 9, 10, 11], ip=None, stdin=None, control=None, hb=None, shell=None, transport=None, iopub=None, f=None, **{'Session.signature_scheme': None, 'Session.key': None})
[[[0.6900017857551575 0.48552560806274414 0.42449307441711426
   0.5191333293914795 0.5302645564079285 0.24066168069839478
   0.3224000036716461 0.4843166172504425 0.34139999747276306 1.0
   0.55142742395401]]]
WARNING:torch.distributed.run:
*****************************************
Setting OMP_NUM_THREADS environment variable for each process to be 1 in default, to avoid your system being overloaded, please further tune the variable for optimal performance in your application as needed. 
*****************************************
World size: 8
Namespace(path='./', max_epochs=None, batch_size=64, lr=0.001, seed=0, num_workers=10, cycles=1, model='sessions_10_epoch_9_train_acc_1.0.model', eval=True, train_sessions=None, val_sessions=[1, 2, 3, 4, 5, 6, 7, 8, 9, 10, 11], ip=None, stdin=None, control=None, hb=None, shell=None, transport=None, iopub=None, f=None, **{'Session.signature_scheme': None, 'Session.key': None})
[[[0.7575164437294006 0.6168622970581055 0.5169423818588257
   0.6992666721343994 0.6310796141624451 0.5709711909294128
   0.4092000126838684 0.6095167994499207 0.4790666699409485 1.0
   0.6291355490684509]]]
WARNING:torch.distributed.run:
*****************************************
Setting OMP_NUM_THREADS environment variable for each process to be 1 in default, to avoid your system being overloaded, please further tune the variable for optimal performance in your application as needed. 
*****************************************
World size: 8
Namespace(path='./', max_epochs=None, batch_size=64, lr=0.001, seed=0, num_workers=10, cycles=1, model='sessions_11_epoch_9_train_acc_1.0.model', eval=True, train_sessions=None, val_sessions=[1, 2, 3, 4, 5, 6, 7, 8, 9, 10, 11], ip=None, stdin=None, control=None, hb=None, shell=None, transport=None, iopub=None, f=None, **{'Session.signature_scheme': None, 'Session.key': None})
[[[0.6426125168800354 0.39907950162887573 0.42015740275382996
   0.5103999972343445 0.38475415110588074 0.318236380815506
   0.2736000120639801 0.46809929609298706 0.3867333233356476
   0.42636072635650635 0.9998666048049927]]]
WARNING:torch.distributed.run:
*****************************************
Setting OMP_NUM_THREADS environment variable for each process to be 1 in default, to avoid your system being overloaded, please further tune the variable for optimal performance in your application as needed. 
*****************************************
World size: 8
Namespace(path='./', max_epochs=None, batch_size=64, lr=0.001, seed=0, num_workers=10, cycles=1, model='sessions_11_epoch_9_train_acc_1.0.model', eval=True, train_sessions=None, val_sessions=[1, 2, 3, 4, 5, 6, 7, 8, 9, 10, 11], ip=None, stdin=None, control=None, hb=None, shell=None, transport=None, iopub=None, f=None, **{'Session.signature_scheme': None, 'Session.key': None})
[[[0.723759114742279 0.631403386592865 0.6788287162780762
   0.7070000171661377 0.5988107919692993 0.5680362582206726
   0.500333309173584 0.701882004737854 0.6174666881561279
   0.5800426602363586 0.9999333024024963]]]
