WARNING:torch.distributed.run:
*****************************************
Setting OMP_NUM_THREADS environment variable for each process to be 1 in default, to avoid your system being overloaded, please further tune the variable for optimal performance in your application as needed. 
*****************************************
World size: 8
Namespace(path='./', max_epochs=None, batch_size=128, lr=0.001, seed=0, num_workers=10, cycles=1, model='sessions_1,2,4,5,6,8,9,11_epoch_9_train_acc_0.9978647828102112.model', eval=True, train_sessions=None, val_sessions=[1, 2, 3, 4, 5, 6, 7, 8, 9, 10, 11], ip=None, stdin=None, control=None, hb=None, shell=None, transport=None, iopub=None, f=None, **{'Session.signature_scheme': None, 'Session.key': None})
[[[0.9873242974281311 0.9770544171333313 0.8260405659675598
   0.9847999811172485 0.9839658141136169 0.9888607263565063
   0.5938000082969666 0.9828483462333679 0.987333357334137
   0.9859925508499146 0.9934631586074829]]]
WARNING:torch.distributed.run:
*****************************************
Setting OMP_NUM_THREADS environment variable for each process to be 1 in default, to avoid your system being overloaded, please further tune the variable for optimal performance in your application as needed. 
*****************************************
World size: 8
Namespace(path='./', max_epochs=None, batch_size=128, lr=0.001, seed=0, num_workers=10, cycles=1, model='sessions_1,2,4,5,6,8,9,11_epoch_9_train_acc_0.9978647828102112.model', eval=True, train_sessions=None, val_sessions=[1, 2, 3, 4, 5, 6, 7, 8, 9, 10, 11], ip=None, stdin=None, control=None, hb=None, shell=None, transport=None, iopub=None, f=None, **{'Session.signature_scheme': None, 'Session.key': None})
[[[0.9957970380783081 0.9847918748855591 0.8486526012420654
   0.9874666929244995 0.9810261726379395 0.9760538935661316
   0.7324000000953674 0.9809797406196594 0.9821333289146423
   0.9835912585258484 0.9896611571311951]]]
WARNING:torch.distributed.run:
*****************************************
Setting OMP_NUM_THREADS environment variable for each process to be 1 in default, to avoid your system being overloaded, please further tune the variable for optimal performance in your application as needed. 
*****************************************
World size: 8
Namespace(path='./', max_epochs=None, batch_size=128, lr=0.001, seed=0, num_workers=10, cycles=1, model='sessions_3,7,10_epoch_9_train_acc_1.0.model', eval=True, train_sessions=None, val_sessions=[1, 2, 3, 4, 5, 6, 7, 8, 9, 10, 11], ip=None, stdin=None, control=None, hb=None, shell=None, transport=None, iopub=None, f=None, **{'Session.signature_scheme': None, 'Session.key': None})
[[[0.8918564319610596 0.8154348731040955 1.0 0.6312000155448914
   0.7622261047363281 0.5092049241065979 1.0 0.8531767129898071
   0.7050666809082031 1.0 0.8440501689910889]]]
WARNING:torch.distributed.run:
*****************************************
Setting OMP_NUM_THREADS environment variable for each process to be 1 in default, to avoid your system being overloaded, please further tune the variable for optimal performance in your application as needed. 
*****************************************
World size: 8
Namespace(path='./', max_epochs=None, batch_size=128, lr=0.001, seed=0, num_workers=10, cycles=1, model='sessions_3,7,10_epoch_9_train_acc_1.0.model', eval=True, train_sessions=None, val_sessions=[1, 2, 3, 4, 5, 6, 7, 8, 9, 10, 11], ip=None, stdin=None, control=None, hb=None, shell=None, transport=None, iopub=None, f=None, **{'Session.signature_scheme': None, 'Session.key': None})
[[[0.8885874152183533 0.8307763934135437 0.9993996620178223
   0.7675999999046326 0.8222207427024841 0.7332577109336853
   0.9986000061035156 0.8786038160324097 0.8037333488464355
   0.9957977533340454 0.8050293326377869]]]
WARNING:torch.distributed.run:
*****************************************
Setting OMP_NUM_THREADS environment variable for each process to be 1 in default, to avoid your system being overloaded, please further tune the variable for optimal performance in your application as needed. 
*****************************************
World size: 8
Namespace(path='./', max_epochs=None, batch_size=128, lr=0.001, seed=0, num_workers=10, cycles=1, model='sessions_1,2,3,5,6,7,8,9_epoch_9_train_acc_0.9954829216003418.model', eval=True, train_sessions=None, val_sessions=[1, 2, 3, 4, 5, 6, 7, 8, 9, 10, 11], ip=None, stdin=None, control=None, hb=None, shell=None, transport=None, iopub=None, f=None, **{'Session.signature_scheme': None, 'Session.key': None})
[[[0.983321487903595 0.9899279475212097 0.9876601099967957
   0.7498666644096375 0.9931186437606812 0.9858590960502625
   0.9872666597366333 0.9857848286628723 0.9817333221435547
   0.9782550930976868 0.9879269003868103]]]
WARNING:torch.distributed.run:
*****************************************
Setting OMP_NUM_THREADS environment variable for each process to be 1 in default, to avoid your system being overloaded, please further tune the variable for optimal performance in your application as needed. 
*****************************************
World size: 8
Namespace(path='./', max_epochs=None, batch_size=128, lr=0.001, seed=0, num_workers=10, cycles=1, model='sessions_1,2,3,5,6,7,8,9_epoch_9_train_acc_0.9954829216003418.model', eval=True, train_sessions=None, val_sessions=[1, 2, 3, 4, 5, 6, 7, 8, 9, 10, 11], ip=None, stdin=None, control=None, hb=None, shell=None, transport=None, iopub=None, f=None, **{'Session.signature_scheme': None, 'Session.key': None})
[[[0.9862568974494934 0.9927961826324463 0.984058141708374
   0.8216666579246521 0.9855024218559265 0.9590448141098022
   0.9740666747093201 0.983248770236969 0.9805999994277954
   0.9478388428688049 0.9744530320167542]]]
WARNING:torch.distributed.run:
*****************************************
Setting OMP_NUM_THREADS environment variable for each process to be 1 in default, to avoid your system being overloaded, please further tune the variable for optimal performance in your application as needed. 
*****************************************
World size: 8
Namespace(path='./', max_epochs=None, batch_size=128, lr=0.001, seed=0, num_workers=10, cycles=1, model='sessions_4,10,11_epoch_9_train_acc_1.0.model', eval=True, train_sessions=None, val_sessions=[1, 2, 3, 4, 5, 6, 7, 8, 9, 10, 11], ip=None, stdin=None, control=None, hb=None, shell=None, transport=None, iopub=None, f=None, **{'Session.signature_scheme': None, 'Session.key': None})
[[[0.904265284538269 0.7122465372085571 0.7093783617019653 1.0
   0.6507883667945862 0.3988127112388611 0.5727333426475525
   0.7558062076568604 0.546999990940094 1.0 1.0]]]
WARNING:torch.distributed.run:
*****************************************
Setting OMP_NUM_THREADS environment variable for each process to be 1 in default, to avoid your system being overloaded, please further tune the variable for optimal performance in your application as needed. 
*****************************************
World size: 8
Namespace(path='./', max_epochs=None, batch_size=128, lr=0.001, seed=0, num_workers=10, cycles=1, model='sessions_4,10,11_epoch_9_train_acc_1.0.model', eval=True, train_sessions=None, val_sessions=[1, 2, 3, 4, 5, 6, 7, 8, 9, 10, 11], ip=None, stdin=None, control=None, hb=None, shell=None, transport=None, iopub=None, f=None, **{'Session.signature_scheme': None, 'Session.key': None})
[[[0.9267479181289673 0.7522678971290588 0.7157150506973267
   0.9998000264167786 0.7275521159172058 0.704575777053833
   0.5717333555221558 0.79524827003479 0.6882666945457458
   0.9999333024024963 0.999799907207489]]]
WARNING:torch.distributed.run:
*****************************************
Setting OMP_NUM_THREADS environment variable for each process to be 1 in default, to avoid your system being overloaded, please further tune the variable for optimal performance in your application as needed. 
*****************************************
World size: 8
Namespace(path='./', max_epochs=None, batch_size=128, lr=0.001, seed=0, num_workers=10, cycles=1, model='sessions_1_epoch_9_train_acc_1.0.model', eval=True, train_sessions=None, val_sessions=[1, 2, 3, 4, 5, 6, 7, 8, 9, 10, 11], ip=None, stdin=None, control=None, hb=None, shell=None, transport=None, iopub=None, f=None, **{'Session.signature_scheme': None, 'Session.key': None})
[[[1.0 0.7880202531814575 0.8034284710884094 0.747866690158844
   0.6826563477516174 0.545624315738678 0.5570666790008545
   0.822677493095398 0.8152666687965393 1.0 1.0]]]
WARNING:torch.distributed.run:
*****************************************
Setting OMP_NUM_THREADS environment variable for each process to be 1 in default, to avoid your system being overloaded, please further tune the variable for optimal performance in your application as needed. 
*****************************************
World size: 8
Namespace(path='./', max_epochs=None, batch_size=128, lr=0.001, seed=0, num_workers=10, cycles=1, model='sessions_1_epoch_9_train_acc_1.0.model', eval=True, train_sessions=None, val_sessions=[1, 2, 3, 4, 5, 6, 7, 8, 9, 10, 11], ip=None, stdin=None, control=None, hb=None, shell=None, transport=None, iopub=None, f=None, **{'Session.signature_scheme': None, 'Session.key': None})
[[[1.0 0.824906587600708 0.8031616806983948 0.8595333099365234
   0.7810662984848022 0.7367262244224548 0.6257333159446716
   0.8692605495452881 0.8208666443824768 0.9997332096099854 1.0]]]
WARNING:torch.distributed.run:
*****************************************
Setting OMP_NUM_THREADS environment variable for each process to be 1 in default, to avoid your system being overloaded, please further tune the variable for optimal performance in your application as needed. 
*****************************************
World size: 8
Namespace(path='./', max_epochs=None, batch_size=128, lr=0.001, seed=0, num_workers=10, cycles=1, model='sessions_2_epoch_9_train_acc_1.0.model', eval=True, train_sessions=None, val_sessions=[1, 2, 3, 4, 5, 6, 7, 8, 9, 10, 11], ip=None, stdin=None, control=None, hb=None, shell=None, transport=None, iopub=None, f=None, **{'Session.signature_scheme': None, 'Session.key': None})
[[[0.51445472240448 1.0 0.6480122804641724 0.4925999939441681
   0.5504409670829773 0.26514139771461487 0.4801333248615265
   0.6447544097900391 0.5836666822433472 0.33704641461372375
   0.5296158194541931]]]
WARNING:torch.distributed.run:
*****************************************
Setting OMP_NUM_THREADS environment variable for each process to be 1 in default, to avoid your system being overloaded, please further tune the variable for optimal performance in your application as needed. 
*****************************************
World size: 8
Namespace(path='./', max_epochs=None, batch_size=128, lr=0.001, seed=0, num_workers=10, cycles=1, model='sessions_2_epoch_9_train_acc_1.0.model', eval=True, train_sessions=None, val_sessions=[1, 2, 3, 4, 5, 6, 7, 8, 9, 10, 11], ip=None, stdin=None, control=None, hb=None, shell=None, transport=None, iopub=None, f=None, **{'Session.signature_scheme': None, 'Session.key': None})
[[[0.602962076663971 1.0 0.6926360726356506 0.5784000158309937
   0.6461785435676575 0.5262140035629272 0.5537333488464355
   0.6940069198608398 0.6759999990463257 0.5625666975975037
   0.6093249917030334]]]
WARNING:torch.distributed.run:
*****************************************
Setting OMP_NUM_THREADS environment variable for each process to be 1 in default, to avoid your system being overloaded, please further tune the variable for optimal performance in your application as needed. 
*****************************************
World size: 8
Namespace(path='./', max_epochs=None, batch_size=128, lr=0.001, seed=0, num_workers=10, cycles=1, model='sessions_3_epoch_9_train_acc_1.0.model', eval=True, train_sessions=None, val_sessions=[1, 2, 3, 4, 5, 6, 7, 8, 9, 10, 11], ip=None, stdin=None, control=None, hb=None, shell=None, transport=None, iopub=None, f=None, **{'Session.signature_scheme': None, 'Session.key': None})
[[[0.3783801794052124 0.6161953210830688 1.0 0.25060001015663147
   0.5291287899017334 0.3183698058128357 0.48186665773391724
   0.6389482021331787 0.5454666614532471 0.10585645586252213
   0.3532550632953644]]]
WARNING:torch.distributed.run:
*****************************************
Setting OMP_NUM_THREADS environment variable for each process to be 1 in default, to avoid your system being overloaded, please further tune the variable for optimal performance in your application as needed. 
*****************************************
World size: 8
Namespace(path='./', max_epochs=None, batch_size=128, lr=0.001, seed=0, num_workers=10, cycles=1, model='sessions_3_epoch_9_train_acc_1.0.model', eval=True, train_sessions=None, val_sessions=[1, 2, 3, 4, 5, 6, 7, 8, 9, 10, 11], ip=None, stdin=None, control=None, hb=None, shell=None, transport=None, iopub=None, f=None, **{'Session.signature_scheme': None, 'Session.key': None})
[[[0.5781444311141968 0.7178494930267334 1.0 0.5311333537101746
   0.6594735383987427 0.5533617734909058 0.5903333425521851
   0.7382541298866272 0.6955999732017517 0.45871132612228394
   0.5967849493026733]]]
WARNING:torch.distributed.run:
*****************************************
Setting OMP_NUM_THREADS environment variable for each process to be 1 in default, to avoid your system being overloaded, please further tune the variable for optimal performance in your application as needed. 
*****************************************
World size: 8
Namespace(path='./', max_epochs=None, batch_size=128, lr=0.001, seed=0, num_workers=10, cycles=1, model='sessions_4_epoch_9_train_acc_1.0.model', eval=True, train_sessions=None, val_sessions=[1, 2, 3, 4, 5, 6, 7, 8, 9, 10, 11], ip=None, stdin=None, control=None, hb=None, shell=None, transport=None, iopub=None, f=None, **{'Session.signature_scheme': None, 'Session.key': None})
[[[0.5489459037780762 0.36572837829589844 0.41782283782958984 1.0
   0.40018707513809204 0.35498932003974915 0.400133341550827
   0.43199414014816284 0.16626666486263275 0.5529615879058838
   0.6156616806983948]]]
WARNING:torch.distributed.run:
*****************************************
Setting OMP_NUM_THREADS environment variable for each process to be 1 in default, to avoid your system being overloaded, please further tune the variable for optimal performance in your application as needed. 
*****************************************
World size: 8
Namespace(path='./', max_epochs=None, batch_size=128, lr=0.001, seed=0, num_workers=10, cycles=1, model='sessions_4_epoch_9_train_acc_1.0.model', eval=True, train_sessions=None, val_sessions=[1, 2, 3, 4, 5, 6, 7, 8, 9, 10, 11], ip=None, stdin=None, control=None, hb=None, shell=None, transport=None, iopub=None, f=None, **{'Session.signature_scheme': None, 'Session.key': None})
[[[0.6320272088050842 0.6046558022499084 0.5570971369743347 1.0
   0.5919962525367737 0.6296691298484802 0.507266640663147
   0.6086492538452148 0.4978666603565216 0.6678895354270935
   0.6934365034103394]]]
WARNING:torch.distributed.run:
*****************************************
Setting OMP_NUM_THREADS environment variable for each process to be 1 in default, to avoid your system being overloaded, please further tune the variable for optimal performance in your application as needed. 
*****************************************
World size: 8
Namespace(path='./', max_epochs=None, batch_size=128, lr=0.001, seed=0, num_workers=10, cycles=1, model='sessions_5_epoch_9_train_acc_1.0.model', eval=True, train_sessions=None, val_sessions=[1, 2, 3, 4, 5, 6, 7, 8, 9, 10, 11], ip=None, stdin=None, control=None, hb=None, shell=None, transport=None, iopub=None, f=None, **{'Session.signature_scheme': None, 'Session.key': None})
[[[0.39812755584716797 0.4721851646900177 0.45550960302352905
   0.24513334035873413 1.0 0.4582443833351135 0.45746666193008423
   0.4435397684574127 0.4798666536808014 0.3334445059299469
   0.32950907945632935]]]
WARNING:torch.distributed.run:
*****************************************
Setting OMP_NUM_THREADS environment variable for each process to be 1 in default, to avoid your system being overloaded, please further tune the variable for optimal performance in your application as needed. 
*****************************************
World size: 8
Namespace(path='./', max_epochs=None, batch_size=128, lr=0.001, seed=0, num_workers=10, cycles=1, model='sessions_5_epoch_9_train_acc_1.0.model', eval=True, train_sessions=None, val_sessions=[1, 2, 3, 4, 5, 6, 7, 8, 9, 10, 11], ip=None, stdin=None, control=None, hb=None, shell=None, transport=None, iopub=None, f=None, **{'Session.signature_scheme': None, 'Session.key': None})
[[[0.523349940776825 0.6177294850349426 0.6083244681358337
   0.5437999963760376 1.0 0.6272011995315552 0.5381333231925964
   0.6238654851913452 0.6082666516304016 0.527014434337616
   0.5196104645729065]]]
WARNING:torch.distributed.run:
*****************************************
Setting OMP_NUM_THREADS environment variable for each process to be 1 in default, to avoid your system being overloaded, please further tune the variable for optimal performance in your application as needed. 
*****************************************
World size: 8
Namespace(path='./', max_epochs=None, batch_size=128, lr=0.001, seed=0, num_workers=10, cycles=1, model='sessions_6_epoch_9_train_acc_1.0.model', eval=True, train_sessions=None, val_sessions=[1, 2, 3, 4, 5, 6, 7, 8, 9, 10, 11], ip=None, stdin=None, control=None, hb=None, shell=None, transport=None, iopub=None, f=None, **{'Session.signature_scheme': None, 'Session.key': None})
[[[0.3447117805480957 0.3229055404663086 0.3262406587600708
   0.3381333351135254 0.583511471748352 1.0 0.2991333305835724
   0.2510010600090027 0.312333345413208 0.17642742395401
   0.40875133872032166]]]
WARNING:torch.distributed.run:
*****************************************
Setting OMP_NUM_THREADS environment variable for each process to be 1 in default, to avoid your system being overloaded, please further tune the variable for optimal performance in your application as needed. 
*****************************************
World size: 8
Namespace(path='./', max_epochs=None, batch_size=128, lr=0.001, seed=0, num_workers=10, cycles=1, model='sessions_6_epoch_9_train_acc_1.0.model', eval=True, train_sessions=None, val_sessions=[1, 2, 3, 4, 5, 6, 7, 8, 9, 10, 11], ip=None, stdin=None, control=None, hb=None, shell=None, transport=None, iopub=None, f=None, **{'Session.signature_scheme': None, 'Session.key': None})
[[[0.5654910206794739 0.5653681755065918 0.573772668838501
   0.6850666403770447 0.688335120677948 1.0 0.5245333313941956
   0.5889615416526794 0.5364000201225281 0.5413553714752197
   0.6013873815536499]]]
WARNING:torch.distributed.run:
*****************************************
Setting OMP_NUM_THREADS environment variable for each process to be 1 in default, to avoid your system being overloaded, please further tune the variable for optimal performance in your application as needed. 
*****************************************
World size: 8
Namespace(path='./', max_epochs=None, batch_size=128, lr=0.001, seed=0, num_workers=10, cycles=1, model='sessions_7_epoch_9_train_acc_1.0.model', eval=True, train_sessions=None, val_sessions=[1, 2, 3, 4, 5, 6, 7, 8, 9, 10, 11], ip=None, stdin=None, control=None, hb=None, shell=None, transport=None, iopub=None, f=None, **{'Session.signature_scheme': None, 'Session.key': None})
[[[0.3367505669593811 0.578842043876648 0.6123932600021362
   0.2311333268880844 0.5615312457084656 0.35065367817878723
   0.9999333620071411 0.6859983801841736 0.492333322763443
   0.1642209142446518 0.23265741765499115]]]
WARNING:torch.distributed.run:
*****************************************
Setting OMP_NUM_THREADS environment variable for each process to be 1 in default, to avoid your system being overloaded, please further tune the variable for optimal performance in your application as needed. 
*****************************************
World size: 8
Namespace(path='./', max_epochs=None, batch_size=128, lr=0.001, seed=0, num_workers=10, cycles=1, model='sessions_7_epoch_9_train_acc_1.0.model', eval=True, train_sessions=None, val_sessions=[1, 2, 3, 4, 5, 6, 7, 8, 9, 10, 11], ip=None, stdin=None, control=None, hb=None, shell=None, transport=None, iopub=None, f=None, **{'Session.signature_scheme': None, 'Session.key': None})
[[[0.46833303570747375 0.6539487838745117 0.6543489694595337
   0.5306000113487244 0.6795163154602051 0.5626333951950073 1.0
   0.7097570896148682 0.5920666456222534 0.38567236065864563
   0.5035352110862732]]]
WARNING:torch.distributed.run:
*****************************************
Setting OMP_NUM_THREADS environment variable for each process to be 1 in default, to avoid your system being overloaded, please further tune the variable for optimal performance in your application as needed. 
*****************************************
World size: 8
Namespace(path='./', max_epochs=None, batch_size=128, lr=0.001, seed=0, num_workers=10, cycles=1, model='sessions_8_epoch_9_train_acc_1.0.model', eval=True, train_sessions=None, val_sessions=[1, 2, 3, 4, 5, 6, 7, 8, 9, 10, 11], ip=None, stdin=None, control=None, hb=None, shell=None, transport=None, iopub=None, f=None, **{'Session.signature_scheme': None, 'Session.key': None})
[[[0.3938133716583252 0.4931296706199646 0.6402748227119446
   0.2478666603565216 0.4908471405506134 0.2752801477909088
   0.4860000014305115 0.9999332427978516 0.533133327960968
   0.18709978461265564 0.29849252104759216]]]
WARNING:torch.distributed.run:
*****************************************
Setting OMP_NUM_THREADS environment variable for each process to be 1 in default, to avoid your system being overloaded, please further tune the variable for optimal performance in your application as needed. 
*****************************************
World size: 8
Namespace(path='./', max_epochs=None, batch_size=128, lr=0.001, seed=0, num_workers=10, cycles=1, model='sessions_8_epoch_9_train_acc_1.0.model', eval=True, train_sessions=None, val_sessions=[1, 2, 3, 4, 5, 6, 7, 8, 9, 10, 11], ip=None, stdin=None, control=None, hb=None, shell=None, transport=None, iopub=None, f=None, **{'Session.signature_scheme': None, 'Session.key': None})
[[[0.6430795192718506 0.6955042481422424 0.7534018158912659
   0.5898000001907349 0.6845269799232483 0.5871798396110535
   0.6364666819572449 1.0 0.7280666828155518 0.5022011995315552
   0.6727588176727295]]]
WARNING:torch.distributed.run:
*****************************************
Setting OMP_NUM_THREADS environment variable for each process to be 1 in default, to avoid your system being overloaded, please further tune the variable for optimal performance in your application as needed. 
*****************************************
World size: 8
Namespace(path='./', max_epochs=None, batch_size=128, lr=0.001, seed=0, num_workers=10, cycles=1, model='sessions_9_epoch_9_train_acc_1.0.model', eval=True, train_sessions=None, val_sessions=[1, 2, 3, 4, 5, 6, 7, 8, 9, 10, 11], ip=None, stdin=None, control=None, hb=None, shell=None, transport=None, iopub=None, f=None, **{'Session.signature_scheme': None, 'Session.key': None})
[[[0.4073563516139984 0.5938500761985779 0.6488794088363647
   0.10580000281333923 0.6086317300796509 0.4030149281024933
   0.4071333408355713 0.6635077595710754 1.0 0.2032417356967926
   0.35092049837112427]]]
WARNING:torch.distributed.run:
*****************************************
Setting OMP_NUM_THREADS environment variable for each process to be 1 in default, to avoid your system being overloaded, please further tune the variable for optimal performance in your application as needed. 
*****************************************
World size: 8
Namespace(path='./', max_epochs=None, batch_size=128, lr=0.001, seed=0, num_workers=10, cycles=1, model='sessions_9_epoch_9_train_acc_1.0.model', eval=True, train_sessions=None, val_sessions=[1, 2, 3, 4, 5, 6, 7, 8, 9, 10, 11], ip=None, stdin=None, control=None, hb=None, shell=None, transport=None, iopub=None, f=None, **{'Session.signature_scheme': None, 'Session.key': None})
[[[0.6083659529685974 0.7307897806167603 0.7315901517868042
   0.5822666883468628 0.7630946040153503 0.602654755115509
   0.5564666390419006 0.7678857445716858 1.0 0.49626466631889343
   0.6692236065864563]]]
WARNING:torch.distributed.run:
*****************************************
Setting OMP_NUM_THREADS environment variable for each process to be 1 in default, to avoid your system being overloaded, please further tune the variable for optimal performance in your application as needed. 
*****************************************
World size: 8
Namespace(path='./', max_epochs=None, batch_size=128, lr=0.001, seed=0, num_workers=10, cycles=1, model='sessions_10_epoch_9_train_acc_1.0.model', eval=True, train_sessions=None, val_sessions=[1, 2, 3, 4, 5, 6, 7, 8, 9, 10, 11], ip=None, stdin=None, control=None, hb=None, shell=None, transport=None, iopub=None, f=None, **{'Session.signature_scheme': None, 'Session.key': None})
[[[0.6900017857551575 0.48552560806274414 0.42449307441711426
   0.5191333293914795 0.5302645564079285 0.24066168069839478
   0.3224000036716461 0.4843166172504425 0.34139999747276306 1.0
   0.55142742395401]]]
WARNING:torch.distributed.run:
*****************************************
Setting OMP_NUM_THREADS environment variable for each process to be 1 in default, to avoid your system being overloaded, please further tune the variable for optimal performance in your application as needed. 
*****************************************
World size: 8
Namespace(path='./', max_epochs=None, batch_size=128, lr=0.001, seed=0, num_workers=10, cycles=1, model='sessions_10_epoch_9_train_acc_1.0.model', eval=True, train_sessions=None, val_sessions=[1, 2, 3, 4, 5, 6, 7, 8, 9, 10, 11], ip=None, stdin=None, control=None, hb=None, shell=None, transport=None, iopub=None, f=None, **{'Session.signature_scheme': None, 'Session.key': None})
[[[0.7645881772041321 0.6206643581390381 0.5252801775932312
   0.7050666809082031 0.6392303705215454 0.5781750082969666
   0.41286665201187134 0.6137213110923767 0.48393332958221436 1.0
   0.6369397044181824]]]
WARNING:torch.distributed.run:
*****************************************
Setting OMP_NUM_THREADS environment variable for each process to be 1 in default, to avoid your system being overloaded, please further tune the variable for optimal performance in your application as needed. 
*****************************************
World size: 8
Namespace(path='./', max_epochs=None, batch_size=128, lr=0.001, seed=0, num_workers=10, cycles=1, model='sessions_11_epoch_9_train_acc_1.0.model', eval=True, train_sessions=None, val_sessions=[1, 2, 3, 4, 5, 6, 7, 8, 9, 10, 11], ip=None, stdin=None, control=None, hb=None, shell=None, transport=None, iopub=None, f=None, **{'Session.signature_scheme': None, 'Session.key': None})
[[[0.6426125168800354 0.39907950162887573 0.42015740275382996
   0.5103999972343445 0.38475415110588074 0.318236380815506
   0.2736000120639801 0.46809929609298706 0.3867333233356476
   0.42636072635650635 0.9998666048049927]]]
WARNING:torch.distributed.run:
*****************************************
Setting OMP_NUM_THREADS environment variable for each process to be 1 in default, to avoid your system being overloaded, please further tune the variable for optimal performance in your application as needed. 
*****************************************
World size: 8
Namespace(path='./', max_epochs=None, batch_size=128, lr=0.001, seed=0, num_workers=10, cycles=1, model='sessions_11_epoch_9_train_acc_1.0.model', eval=True, train_sessions=None, val_sessions=[1, 2, 3, 4, 5, 6, 7, 8, 9, 10, 11], ip=None, stdin=None, control=None, hb=None, shell=None, transport=None, iopub=None, f=None, **{'Session.signature_scheme': None, 'Session.key': None})
[[[0.7291852235794067 0.6347385048866272 0.6883671283721924
   0.7149999737739563 0.6068947315216064 0.5763740539550781
   0.5083333253860474 0.7120928764343262 0.6244666576385498
   0.5870464444160461 0.9999333024024963]]]
