WARNING:torch.distributed.run:
*****************************************
Setting OMP_NUM_THREADS environment variable for each process to be 1 in default, to avoid your system being overloaded, please further tune the variable for optimal performance in your application as needed. 
*****************************************
World size: 5
Namespace(path='./', max_epochs=10, batch_size=256, lr=0.001, seed=0, num_workers=10, cycles=1, model=None, train_eval=None, train_sessions=[1, 2, 4, 5, 6, 8, 9, 11], val_sessions=None, ip=None, stdin=None, control=None, hb=None, shell=None, transport=None, iopub=None, f=None, **{'Session.signature_scheme': None, 'Session.key': None})
starting val accuracy: None

      epoch 0, 
      train loss: 1.1614, 
      train accuracy: 0.93955368,
      val accuracy: None
    

      epoch 1, 
      train loss: 0.1442, 
      train accuracy: 0.99136269,
      val accuracy: None
    

      epoch 2, 
      train loss: 0.0918, 
      train accuracy: 0.99446172,
      val accuracy: None
    

      epoch 3, 
      train loss: 0.0888, 
      train accuracy: 0.99464709,
      val accuracy: None
    

      epoch 4, 
      train loss: 0.0779, 
      train accuracy: 0.99537367,
      val accuracy: None
    

      epoch 5, 
      train loss: 0.0446, 
      train accuracy: 0.99741250,
      val accuracy: None
    

      epoch 6, 
      train loss: 0.0621, 
      train accuracy: 0.99625593,
      val accuracy: None
    

      epoch 7, 
      train loss: 0.0572, 
      train accuracy: 0.99638939,
      val accuracy: None
    

      epoch 8, 
      train loss: 0.0359, 
      train accuracy: 0.99787962,
      val accuracy: None
    

      epoch 9, 
      train loss: 0.0337, 
      train accuracy: 0.99786478,
      val accuracy: None
    
WARNING:torch.distributed.run:
*****************************************
Setting OMP_NUM_THREADS environment variable for each process to be 1 in default, to avoid your system being overloaded, please further tune the variable for optimal performance in your application as needed. 
*****************************************
World size: 5
Namespace(path='./', max_epochs=10, batch_size=1024, lr=0.001, seed=0, num_workers=10, cycles=1, model=None, train_eval=None, train_sessions=[3, 7, 10], val_sessions=None, ip=None, stdin=None, control=None, hb=None, shell=None, transport=None, iopub=None, f=None, **{'Session.signature_scheme': None, 'Session.key': None})
starting val accuracy: None

      epoch 0, 
      train loss: 6.3238, 
      train accuracy: 0.73122847,
      val accuracy: None
    

      epoch 1, 
      train loss: 0.3564, 
      train accuracy: 0.98785990,
      val accuracy: None
    

      epoch 2, 
      train loss: 0.0592, 
      train accuracy: 0.99913287,
      val accuracy: None
    

      epoch 3, 
      train loss: 0.0180, 
      train accuracy: 0.99988884,
      val accuracy: None
    

      epoch 4, 
      train loss: 0.0082, 
      train accuracy: 0.99995553,
      val accuracy: None
    

      epoch 5, 
      train loss: 0.0045, 
      train accuracy: 1.00000000,
      val accuracy: None
    

      epoch 6, 
      train loss: 0.0031, 
      train accuracy: 1.00000000,
      val accuracy: None
    

      epoch 7, 
      train loss: 0.0024, 
      train accuracy: 1.00000000,
      val accuracy: None
    

      epoch 8, 
      train loss: 0.0020, 
      train accuracy: 1.00000000,
      val accuracy: None
    

      epoch 9, 
      train loss: 0.0017, 
      train accuracy: 1.00000000,
      val accuracy: None
    
WARNING:torch.distributed.run:
*****************************************
Setting OMP_NUM_THREADS environment variable for each process to be 1 in default, to avoid your system being overloaded, please further tune the variable for optimal performance in your application as needed. 
*****************************************
World size: 5
Namespace(path='./', max_epochs=10, batch_size=1024, lr=0.001, seed=0, num_workers=10, cycles=1, model=None, train_eval=None, train_sessions=[1, 2, 3, 5, 6, 7, 8, 9], val_sessions=None, ip=None, stdin=None, control=None, hb=None, shell=None, transport=None, iopub=None, f=None, **{'Session.signature_scheme': None, 'Session.key': None})
starting val accuracy: None

      epoch 0, 
      train loss: 2.5467, 
      train accuracy: 0.87887239,
      val accuracy: None
    

      epoch 1, 
      train loss: 0.1012, 
      train accuracy: 0.99458218,
      val accuracy: None
    

      epoch 2, 
      train loss: 0.0351, 
      train accuracy: 0.99852544,
      val accuracy: None
    

      epoch 3, 
      train loss: 0.0183, 
      train accuracy: 0.99930608,
      val accuracy: None
    

      epoch 4, 
      train loss: 0.0081, 
      train accuracy: 0.99969977,
      val accuracy: None
    

      epoch 5, 
      train loss: 0.0068, 
      train accuracy: 0.99981320,
      val accuracy: None
    

      epoch 6, 
      train loss: 0.0043, 
      train accuracy: 0.99989325,
      val accuracy: None
    

      epoch 7, 
      train loss: 0.0071, 
      train accuracy: 0.99972641,
      val accuracy: None
    

      epoch 8, 
      train loss: 0.0228, 
      train accuracy: 0.99878567,
      val accuracy: None
    

      epoch 9, 
      train loss: 0.0781, 
      train accuracy: 0.99548292,
      val accuracy: None
    
WARNING:torch.distributed.run:
*****************************************
Setting OMP_NUM_THREADS environment variable for each process to be 1 in default, to avoid your system being overloaded, please further tune the variable for optimal performance in your application as needed. 
*****************************************
World size: 5
Namespace(path='./', max_epochs=10, batch_size=1024, lr=0.001, seed=0, num_workers=10, cycles=1, model=None, train_eval=None, train_sessions=[4, 10, 11], val_sessions=None, ip=None, stdin=None, control=None, hb=None, shell=None, transport=None, iopub=None, f=None, **{'Session.signature_scheme': None, 'Session.key': None})
starting val accuracy: None

      epoch 0, 
      train loss: 6.1751, 
      train accuracy: 0.73918843,
      val accuracy: None
    

      epoch 1, 
      train loss: 0.3353, 
      train accuracy: 0.98832685,
      val accuracy: None
    

      epoch 2, 
      train loss: 0.0535, 
      train accuracy: 0.99899942,
      val accuracy: None
    

      epoch 3, 
      train loss: 0.0175, 
      train accuracy: 0.99979991,
      val accuracy: None
    

      epoch 4, 
      train loss: 0.0078, 
      train accuracy: 0.99995553,
      val accuracy: None
    

      epoch 5, 
      train loss: 0.0048, 
      train accuracy: 0.99997777,
      val accuracy: None
    

      epoch 6, 
      train loss: 0.0034, 
      train accuracy: 0.99997777,
      val accuracy: None
    

      epoch 7, 
      train loss: 0.0024, 
      train accuracy: 1.00000000,
      val accuracy: None
    

      epoch 8, 
      train loss: 0.0021, 
      train accuracy: 1.00000000,
      val accuracy: None
    

      epoch 9, 
      train loss: 0.0018, 
      train accuracy: 1.00000000,
      val accuracy: None
    
WARNING:torch.distributed.run:
*****************************************
Setting OMP_NUM_THREADS environment variable for each process to be 1 in default, to avoid your system being overloaded, please further tune the variable for optimal performance in your application as needed. 
*****************************************
World size: 5
Namespace(path='./', max_epochs=10, batch_size=1024, lr=0.001, seed=0, num_workers=10, cycles=1, model=None, train_eval=None, train_sessions=[1], val_sessions=None, ip=None, stdin=None, control=None, hb=None, shell=None, transport=None, iopub=None, f=None, **{'Session.signature_scheme': None, 'Session.key': None})
starting val accuracy: None

      epoch 0, 
      train loss: 5.9787, 
      train accuracy: 0.75156772,
      val accuracy: None
    

      epoch 1, 
      train loss: 0.2991, 
      train accuracy: 0.98939294,
      val accuracy: None
    

      epoch 2, 
      train loss: 0.0505, 
      train accuracy: 0.99891037,
      val accuracy: None
    

      epoch 3, 
      train loss: 0.0166, 
      train accuracy: 0.99984431,
      val accuracy: None
    

      epoch 4, 
      train loss: 0.0074, 
      train accuracy: 0.99995553,
      val accuracy: None
    

      epoch 5, 
      train loss: 0.0044, 
      train accuracy: 0.99997777,
      val accuracy: None
    

      epoch 6, 
      train loss: 0.0030, 
      train accuracy: 1.00000000,
      val accuracy: None
    

      epoch 7, 
      train loss: 0.0023, 
      train accuracy: 1.00000000,
      val accuracy: None
    

      epoch 8, 
      train loss: 0.0019, 
      train accuracy: 1.00000000,
      val accuracy: None
    

      epoch 9, 
      train loss: 0.0017, 
      train accuracy: 1.00000000,
      val accuracy: None
    
WARNING:torch.distributed.run:
*****************************************
Setting OMP_NUM_THREADS environment variable for each process to be 1 in default, to avoid your system being overloaded, please further tune the variable for optimal performance in your application as needed. 
*****************************************
World size: 5
Namespace(path='./', max_epochs=10, batch_size=1024, lr=0.001, seed=0, num_workers=10, cycles=1, model=None, train_eval=None, train_sessions=[2], val_sessions=None, ip=None, stdin=None, control=None, hb=None, shell=None, transport=None, iopub=None, f=None, **{'Session.signature_scheme': None, 'Session.key': None})
starting val accuracy: None

      epoch 0, 
      train loss: 12.6336, 
      train accuracy: 0.50633758,
      val accuracy: None
    

      epoch 1, 
      train loss: 1.6899, 
      train accuracy: 0.96044028,
      val accuracy: None
    

      epoch 2, 
      train loss: 0.3896, 
      train accuracy: 0.99352902,
      val accuracy: None
    

      epoch 3, 
      train loss: 0.1264, 
      train accuracy: 0.99926621,
      val accuracy: None
    

      epoch 4, 
      train loss: 0.0543, 
      train accuracy: 0.99986660,
      val accuracy: None
    

      epoch 5, 
      train loss: 0.0266, 
      train accuracy: 0.99993330,
      val accuracy: None
    

      epoch 6, 
      train loss: 0.0158, 
      train accuracy: 1.00000000,
      val accuracy: None
    

      epoch 7, 
      train loss: 0.0111, 
      train accuracy: 1.00000000,
      val accuracy: None
    

      epoch 8, 
      train loss: 0.0078, 
      train accuracy: 1.00000000,
      val accuracy: None
    

      epoch 9, 
      train loss: 0.0060, 
      train accuracy: 1.00000000,
      val accuracy: None
    
WARNING:torch.distributed.run:
*****************************************
Setting OMP_NUM_THREADS environment variable for each process to be 1 in default, to avoid your system being overloaded, please further tune the variable for optimal performance in your application as needed. 
*****************************************
World size: 5
Namespace(path='./', max_epochs=10, batch_size=1024, lr=0.001, seed=0, num_workers=10, cycles=1, model=None, train_eval=None, train_sessions=[3], val_sessions=None, ip=None, stdin=None, control=None, hb=None, shell=None, transport=None, iopub=None, f=None, **{'Session.signature_scheme': None, 'Session.key': None})
starting val accuracy: None

      epoch 0, 
      train loss: 12.7253, 
      train accuracy: 0.49916640,
      val accuracy: None
    

      epoch 1, 
      train loss: 1.9257, 
      train accuracy: 0.95785260,
      val accuracy: None
    

      epoch 2, 
      train loss: 0.4374, 
      train accuracy: 0.99386460,
      val accuracy: None
    

      epoch 3, 
      train loss: 0.1428, 
      train accuracy: 0.99879962,
      val accuracy: None
    

      epoch 4, 
      train loss: 0.0575, 
      train accuracy: 0.99993330,
      val accuracy: None
    

      epoch 5, 
      train loss: 0.0301, 
      train accuracy: 1.00000000,
      val accuracy: None
    

      epoch 6, 
      train loss: 0.0183, 
      train accuracy: 1.00000000,
      val accuracy: None
    

      epoch 7, 
      train loss: 0.0122, 
      train accuracy: 1.00000000,
      val accuracy: None
    

      epoch 8, 
      train loss: 0.0086, 
      train accuracy: 1.00000000,
      val accuracy: None
    

      epoch 9, 
      train loss: 0.0064, 
      train accuracy: 1.00000000,
      val accuracy: None
    
WARNING:torch.distributed.run:
*****************************************
Setting OMP_NUM_THREADS environment variable for each process to be 1 in default, to avoid your system being overloaded, please further tune the variable for optimal performance in your application as needed. 
*****************************************
World size: 5
Namespace(path='./', max_epochs=10, batch_size=1024, lr=0.001, seed=0, num_workers=10, cycles=1, model=None, train_eval=None, train_sessions=[4], val_sessions=None, ip=None, stdin=None, control=None, hb=None, shell=None, transport=None, iopub=None, f=None, **{'Session.signature_scheme': None, 'Session.key': None})
starting val accuracy: None

      epoch 0, 
      train loss: 12.5997, 
      train accuracy: 0.49036345,
      val accuracy: None
    

      epoch 1, 
      train loss: 1.7808, 
      train accuracy: 0.95765257,
      val accuracy: None
    

      epoch 2, 
      train loss: 0.4095, 
      train accuracy: 0.99186397,
      val accuracy: None
    

      epoch 3, 
      train loss: 0.1388, 
      train accuracy: 0.99846613,
      val accuracy: None
    

      epoch 4, 
      train loss: 0.0579, 
      train accuracy: 0.99979991,
      val accuracy: None
    

      epoch 5, 
      train loss: 0.0292, 
      train accuracy: 1.00000000,
      val accuracy: None
    

      epoch 6, 
      train loss: 0.0183, 
      train accuracy: 1.00000000,
      val accuracy: None
    

      epoch 7, 
      train loss: 0.0120, 
      train accuracy: 1.00000000,
      val accuracy: None
    

      epoch 8, 
      train loss: 0.0088, 
      train accuracy: 1.00000000,
      val accuracy: None
    

      epoch 9, 
      train loss: 0.0067, 
      train accuracy: 1.00000000,
      val accuracy: None
    
WARNING:torch.distributed.run:
*****************************************
Setting OMP_NUM_THREADS environment variable for each process to be 1 in default, to avoid your system being overloaded, please further tune the variable for optimal performance in your application as needed. 
*****************************************
World size: 5
Namespace(path='./', max_epochs=10, batch_size=1024, lr=0.001, seed=0, num_workers=10, cycles=1, model=None, train_eval=None, train_sessions=[5], val_sessions=None, ip=None, stdin=None, control=None, hb=None, shell=None, transport=None, iopub=None, f=None, **{'Session.signature_scheme': None, 'Session.key': None})
starting val accuracy: None

      epoch 0, 
      train loss: 12.4775, 
      train accuracy: 0.50340682,
      val accuracy: None
    

      epoch 1, 
      train loss: 1.5567, 
      train accuracy: 0.96299267,
      val accuracy: None
    

      epoch 2, 
      train loss: 0.3097, 
      train accuracy: 0.99719441,
      val accuracy: None
    

      epoch 3, 
      train loss: 0.0979, 
      train accuracy: 0.99986643,
      val accuracy: None
    

      epoch 4, 
      train loss: 0.0443, 
      train accuracy: 0.99993318,
      val accuracy: None
    

      epoch 5, 
      train loss: 0.0242, 
      train accuracy: 1.00000000,
      val accuracy: None
    

      epoch 6, 
      train loss: 0.0151, 
      train accuracy: 1.00000000,
      val accuracy: None
    

      epoch 7, 
      train loss: 0.0105, 
      train accuracy: 1.00000000,
      val accuracy: None
    

      epoch 8, 
      train loss: 0.0078, 
      train accuracy: 1.00000000,
      val accuracy: None
    

      epoch 9, 
      train loss: 0.0061, 
      train accuracy: 1.00000000,
      val accuracy: None
    
WARNING:torch.distributed.run:
*****************************************
Setting OMP_NUM_THREADS environment variable for each process to be 1 in default, to avoid your system being overloaded, please further tune the variable for optimal performance in your application as needed. 
*****************************************
World size: 5
Namespace(path='./', max_epochs=10, batch_size=1024, lr=0.001, seed=0, num_workers=10, cycles=1, model=None, train_eval=None, train_sessions=[6], val_sessions=None, ip=None, stdin=None, control=None, hb=None, shell=None, transport=None, iopub=None, f=None, **{'Session.signature_scheme': None, 'Session.key': None})
starting val accuracy: None

      epoch 0, 
      train loss: 12.7122, 
      train accuracy: 0.48392260,
      val accuracy: None
    

      epoch 1, 
      train loss: 1.8728, 
      train accuracy: 0.94729817,
      val accuracy: None
    

      epoch 2, 
      train loss: 0.4449, 
      train accuracy: 0.99226153,
      val accuracy: None
    

      epoch 3, 
      train loss: 0.1406, 
      train accuracy: 0.99906605,
      val accuracy: None
    

      epoch 4, 
      train loss: 0.0585, 
      train accuracy: 0.99986660,
      val accuracy: None
    

      epoch 5, 
      train loss: 0.0328, 
      train accuracy: 0.99993330,
      val accuracy: None
    

      epoch 6, 
      train loss: 0.0192, 
      train accuracy: 1.00000000,
      val accuracy: None
    

      epoch 7, 
      train loss: 0.0121, 
      train accuracy: 1.00000000,
      val accuracy: None
    

      epoch 8, 
      train loss: 0.0088, 
      train accuracy: 1.00000000,
      val accuracy: None
    

      epoch 9, 
      train loss: 0.0065, 
      train accuracy: 1.00000000,
      val accuracy: None
    
WARNING:torch.distributed.run:
*****************************************
Setting OMP_NUM_THREADS environment variable for each process to be 1 in default, to avoid your system being overloaded, please further tune the variable for optimal performance in your application as needed. 
*****************************************
World size: 5
Namespace(path='./', max_epochs=10, batch_size=1024, lr=0.001, seed=0, num_workers=10, cycles=1, model=None, train_eval=None, train_sessions=[7], val_sessions=None, ip=None, stdin=None, control=None, hb=None, shell=None, transport=None, iopub=None, f=None, **{'Session.signature_scheme': None, 'Session.key': None})
starting val accuracy: None

      epoch 0, 
      train loss: 12.8918, 
      train accuracy: 0.47955984,
      val accuracy: None
    

      epoch 1, 
      train loss: 2.1463, 
      train accuracy: 0.94664890,
      val accuracy: None
    

      epoch 2, 
      train loss: 0.5300, 
      train accuracy: 0.99086362,
      val accuracy: None
    

      epoch 3, 
      train loss: 0.1687, 
      train accuracy: 0.99866623,
      val accuracy: None
    

      epoch 4, 
      train loss: 0.0689, 
      train accuracy: 0.99986660,
      val accuracy: None
    

      epoch 5, 
      train loss: 0.0363, 
      train accuracy: 1.00000000,
      val accuracy: None
    

      epoch 6, 
      train loss: 0.0203, 
      train accuracy: 1.00000000,
      val accuracy: None
    

      epoch 7, 
      train loss: 0.0135, 
      train accuracy: 1.00000000,
      val accuracy: None
    

      epoch 8, 
      train loss: 0.0094, 
      train accuracy: 1.00000000,
      val accuracy: None
    

      epoch 9, 
      train loss: 0.0070, 
      train accuracy: 1.00000000,
      val accuracy: None
    
WARNING:torch.distributed.run:
*****************************************
Setting OMP_NUM_THREADS environment variable for each process to be 1 in default, to avoid your system being overloaded, please further tune the variable for optimal performance in your application as needed. 
*****************************************
World size: 5
Namespace(path='./', max_epochs=10, batch_size=1024, lr=0.001, seed=0, num_workers=10, cycles=1, model=None, train_eval=None, train_sessions=[8], val_sessions=None, ip=None, stdin=None, control=None, hb=None, shell=None, transport=None, iopub=None, f=None, **{'Session.signature_scheme': None, 'Session.key': None})
starting val accuracy: None

      epoch 0, 
      train loss: 12.8307, 
      train accuracy: 0.48448449,
      val accuracy: None
    

      epoch 1, 
      train loss: 2.1269, 
      train accuracy: 0.93500167,
      val accuracy: None
    

      epoch 2, 
      train loss: 0.6050, 
      train accuracy: 0.98144811,
      val accuracy: None
    

      epoch 3, 
      train loss: 0.2183, 
      train accuracy: 0.99479479,
      val accuracy: None
    

      epoch 4, 
      train loss: 0.0950, 
      train accuracy: 0.99919921,
      val accuracy: None
    

      epoch 5, 
      train loss: 0.0437, 
      train accuracy: 0.99986655,
      val accuracy: None
    

      epoch 6, 
      train loss: 0.0267, 
      train accuracy: 1.00000000,
      val accuracy: None
    

      epoch 7, 
      train loss: 0.0162, 
      train accuracy: 1.00000000,
      val accuracy: None
    

      epoch 8, 
      train loss: 0.0113, 
      train accuracy: 1.00000000,
      val accuracy: None
    

      epoch 9, 
      train loss: 0.0085, 
      train accuracy: 1.00000000,
      val accuracy: None
    
WARNING:torch.distributed.run:
*****************************************
Setting OMP_NUM_THREADS environment variable for each process to be 1 in default, to avoid your system being overloaded, please further tune the variable for optimal performance in your application as needed. 
*****************************************
World size: 5
Namespace(path='./', max_epochs=10, batch_size=1024, lr=0.001, seed=0, num_workers=10, cycles=1, model=None, train_eval=None, train_sessions=[9], val_sessions=None, ip=None, stdin=None, control=None, hb=None, shell=None, transport=None, iopub=None, f=None, **{'Session.signature_scheme': None, 'Session.key': None})
starting val accuracy: None

      epoch 0, 
      train loss: 13.0689, 
      train accuracy: 0.47622541,
      val accuracy: None
    

      epoch 1, 
      train loss: 2.1829, 
      train accuracy: 0.94331443,
      val accuracy: None
    

      epoch 2, 
      train loss: 0.5453, 
      train accuracy: 0.98832947,
      val accuracy: None
    

      epoch 3, 
      train loss: 0.1783, 
      train accuracy: 0.99826610,
      val accuracy: None
    

      epoch 4, 
      train loss: 0.0712, 
      train accuracy: 0.99959987,
      val accuracy: None
    

      epoch 5, 
      train loss: 0.0374, 
      train accuracy: 0.99986660,
      val accuracy: None
    

      epoch 6, 
      train loss: 0.0213, 
      train accuracy: 1.00000000,
      val accuracy: None
    

      epoch 7, 
      train loss: 0.0140, 
      train accuracy: 1.00000000,
      val accuracy: None
    

      epoch 8, 
      train loss: 0.0099, 
      train accuracy: 1.00000000,
      val accuracy: None
    

      epoch 9, 
      train loss: 0.0078, 
      train accuracy: 1.00000000,
      val accuracy: None
    
WARNING:torch.distributed.run:
*****************************************
Setting OMP_NUM_THREADS environment variable for each process to be 1 in default, to avoid your system being overloaded, please further tune the variable for optimal performance in your application as needed. 
*****************************************
World size: 5
Namespace(path='./', max_epochs=10, batch_size=1024, lr=0.001, seed=0, num_workers=10, cycles=1, model=None, train_eval=None, train_sessions=[10], val_sessions=None, ip=None, stdin=None, control=None, hb=None, shell=None, transport=None, iopub=None, f=None, **{'Session.signature_scheme': None, 'Session.key': None})
starting val accuracy: None

      epoch 0, 
      train loss: 13.2112, 
      train accuracy: 0.46157438,
      val accuracy: None
    

      epoch 1, 
      train loss: 2.0874, 
      train accuracy: 0.94949967,
      val accuracy: None
    

      epoch 2, 
      train loss: 0.4863, 
      train accuracy: 0.99139428,
      val accuracy: None
    

      epoch 3, 
      train loss: 0.1555, 
      train accuracy: 0.99906605,
      val accuracy: None
    

      epoch 4, 
      train loss: 0.0668, 
      train accuracy: 0.99986660,
      val accuracy: None
    

      epoch 5, 
      train loss: 0.0335, 
      train accuracy: 1.00000000,
      val accuracy: None
    

      epoch 6, 
      train loss: 0.0194, 
      train accuracy: 1.00000000,
      val accuracy: None
    

      epoch 7, 
      train loss: 0.0133, 
      train accuracy: 1.00000000,
      val accuracy: None
    

      epoch 8, 
      train loss: 0.0096, 
      train accuracy: 1.00000000,
      val accuracy: None
    

      epoch 9, 
      train loss: 0.0074, 
      train accuracy: 1.00000000,
      val accuracy: None
    
WARNING:torch.distributed.run:
*****************************************
Setting OMP_NUM_THREADS environment variable for each process to be 1 in default, to avoid your system being overloaded, please further tune the variable for optimal performance in your application as needed. 
*****************************************
World size: 5
Namespace(path='./', max_epochs=10, batch_size=1024, lr=0.001, seed=0, num_workers=10, cycles=1, model=None, train_eval=None, train_sessions=[11], val_sessions=None, ip=None, stdin=None, control=None, hb=None, shell=None, transport=None, iopub=None, f=None, **{'Session.signature_scheme': None, 'Session.key': None})
starting val accuracy: None

      epoch 0, 
      train loss: 12.5023, 
      train accuracy: 0.49156386,
      val accuracy: None
    

      epoch 1, 
      train loss: 1.8504, 
      train accuracy: 0.95525175,
      val accuracy: None
    

      epoch 2, 
      train loss: 0.4480, 
      train accuracy: 0.99179727,
      val accuracy: None
    

      epoch 3, 
      train loss: 0.1508, 
      train accuracy: 0.99813271,
      val accuracy: None
    

      epoch 4, 
      train loss: 0.0632, 
      train accuracy: 0.99993330,
      val accuracy: None
    

      epoch 5, 
      train loss: 0.0347, 
      train accuracy: 0.99986660,
      val accuracy: None
    

      epoch 6, 
      train loss: 0.0197, 
      train accuracy: 1.00000000,
      val accuracy: None
    

      epoch 7, 
      train loss: 0.0129, 
      train accuracy: 1.00000000,
      val accuracy: None
    

      epoch 8, 
      train loss: 0.0094, 
      train accuracy: 1.00000000,
      val accuracy: None
    

      epoch 9, 
      train loss: 0.0074, 
      train accuracy: 1.00000000,
      val accuracy: None
    
